TN:
SF:02-ratelimitter.js
FNF:0
FNH:0
DA:1,1
DA:2,1
DA:3,1
DA:4,1
DA:5,1
DA:6,1
DA:7,1
DA:8,1
DA:9,1
DA:10,1
DA:11,1
DA:12,1
DA:13,1
DA:14,1
DA:15,1
DA:16,2
DA:17,1
DA:18,1
DA:19,1
DA:20,13
DA:21,13
DA:22,13
DA:23,0
DA:24,0
DA:25,13
DA:26,13
DA:27,2
DA:28,13
DA:29,7
DA:30,11
DA:31,4
DA:32,4
DA:33,6
DA:34,6
DA:35,1
DA:36,6
DA:37,1
DA:38,1
DA:39,1
DA:40,0
DA:41,1
DA:42,1
DA:43,1
LF:43
LH:40
BRDA:15,0,0,2
BRDA:19,1,0,13
BRDA:22,2,0,0
BRDA:26,3,0,2
BRDA:28,4,0,11
BRDA:28,5,0,7
BRDA:30,6,0,4
BRDA:32,7,0,6
BRDA:35,8,0,6
BRF:9
BRH:8
end_of_record
